sh experiment_sr.sh 
randsent.py --model esn --pooling mean --pos_enc 0 --output_dim 2048 --zero 1 --spectral_radius 0.1 --leaky 0 --concat_inp 0 --stdv 0.1 --activation None --bidirectional 1 --sparsity 0.5 --gpu 0 --out-path result/result_sr_0.1
MR | 77.74 0.12 | 77.00 0.21
CR | 80.88 0.13 | 79.28 0.40
MPQA | 88.02 0.02 | 87.44 0.14
SUBJ | 91.65 0.07 | 91.02 0.15
SST2 | 79.31 0.60 | 79.91 0.32
TREC | 74.82 0.15 | 82.52 1.02
MRPC | 74.22 0.26 | 72.41 0.78
SICKRelatedness | 83.98 0.42 | 84.92 0.13
SICKEntailment | 83.28 0.53 | 82.47 0.48
STSBenchmark | 71.26 0.77 | 65.20 0.80
Traceback (most recent call last):
  File "randsent.py", line 218, in <module>
    write_csv(dic_save, params.out_path)
  File "randsent.py", line 44, in write_csv
    with open(file,'w') as f:
TypeError: expected str, bytes or os.PathLike object, not dict
randsent.py --model esn --pooling mean --pos_enc 0 --output_dim 2048 --zero 1 --spectral_radius 0.3 --leaky 0 --concat_inp 0 --stdv 0.1 --activation None --bidirectional 1 --sparsity 0.5 --gpu 0 --out-path result/result_sr_0.3
MR | 77.68 0.08 | 76.84 0.10
CR | 80.81 0.16 | 79.13 0.29
MPQA | 88.14 0.03 | 87.48 0.13
SUBJ | 91.82 0.10 | 91.16 0.08
SST2 | 80.09 0.19 | 80.63 0.53
TREC | 75.08 0.30 | 82.36 1.08
MRPC | 74.43 0.37 | 72.93 0.65
SICKRelatedness | 84.03 0.52 | 84.95 0.18
SICKEntailment | 83.56 0.37 | 82.33 0.27
STSBenchmark | 71.45 0.56 | 64.75 0.56
Traceback (most recent call last):
  File "randsent.py", line 218, in <module>
    write_csv(dic_save, params.out_path)
  File "randsent.py", line 44, in write_csv
    with open(file,'w') as f:
TypeError: expected str, bytes or os.PathLike object, not dict
randsent.py --model esn --pooling mean --pos_enc 0 --output_dim 2048 --zero 1 --spectral_radius 0.5 --leaky 0 --concat_inp 0 --stdv 0.1 --activation None --bidirectional 1 --sparsity 0.5 --gpu 0 --out-path result/result_sr_0.5
MR | 77.68 0.08 | 76.80 0.11
CR | 80.82 0.16 | 79.04 0.61
MPQA | 88.19 0.04 | 87.50 0.15
SUBJ | 91.92 0.08 | 91.32 0.10
SST2 | 80.16 0.26 | 80.89 0.42
TREC | 75.49 0.19 | 83.16 1.24
MRPC | 74.61 0.53 | 72.15 0.88
SICKRelatedness | 84.01 0.60 | 84.99 0.15
SICKEntailment | 83.64 0.46 | 82.82 0.45
STSBenchmark | 71.26 0.50 | 64.73 0.95
Traceback (most recent call last):
  File "randsent.py", line 218, in <module>
    write_csv(dic_save, params.out_path)
  File "randsent.py", line 44, in write_csv
    with open(file,'w') as f:
TypeError: expected str, bytes or os.PathLike object, not dict
randsent.py --model esn --pooling mean --pos_enc 0 --output_dim 2048 --zero 1 --spectral_radius 0.7 --leaky 0 --concat_inp 0 --stdv 0.1 --activation None --bidirectional 1 --sparsity 0.5 --gpu 0 --out-path result/result_sr_0.7
MR | 77.85 0.10 | 76.84 0.26
CR | 80.77 0.10 | 79.32 0.41
MPQA | 88.24 0.03 | 87.66 0.16
SUBJ | 92.03 0.06 | 91.43 0.11
SST2 | 80.37 0.36 | 80.82 0.38
TREC | 76.59 0.31 | 83.20 1.31
MRPC | 74.27 0.47 | 72.29 1.00
SICKRelatedness | 84.08 0.74 | 84.96 0.13
SICKEntailment | 83.92 1.03 | 82.61 0.37
STSBenchmark | 71.15 0.79 | 64.86 1.00
Traceback (most recent call last):
  File "randsent.py", line 218, in <module>
    write_csv(dic_save, params.out_path)
  File "randsent.py", line 44, in write_csv
    with open(file,'w') as f:
TypeError: expected str, bytes or os.PathLike object, not dict
randsent.py --model esn --pooling mean --pos_enc 0 --output_dim 2048 --zero 1 --spectral_radius 0.9 --leaky 0 --concat_inp 0 --stdv 0.1 --activation None --bidirectional 1 --sparsity 0.5 --gpu 0 --out-path result/result_sr_0.9
MR | 77.67 0.11 | 77.04 0.17
CR | 80.70 0.15 | 79.08 0.24
MPQA | 88.25 0.02 | 87.69 0.15
SUBJ | 92.06 0.10 | 91.63 0.16
SST2 | 80.89 0.16 | 81.02 0.38
TREC | 78.27 0.20 | 86.28 1.09
MRPC | 74.41 0.57 | 73.58 0.79
SICKRelatedness | 83.96 0.66 | 84.78 0.06
SICKEntailment | 83.60 0.58 | 82.67 0.55
STSBenchmark | 70.40 0.71 | 64.44 1.00
Traceback (most recent call last):
  File "randsent.py", line 218, in <module>
    write_csv(dic_save, params.out_path)
  File "randsent.py", line 44, in write_csv
    with open(file,'w') as f:
TypeError: expected str, bytes or os.PathLike object, not dict
randsent.py --model esn --pooling mean --pos_enc 0 --output_dim 2048 --zero 1 --spectral_radius 1.0 --leaky 0 --concat_inp 0 --stdv 0.1 --activation None --bidirectional 1 --sparsity 0.5 --gpu 0 --out-path result/result_sr_1.0
MR | 77.65 0.07 | 76.88 0.21
CR | 80.79 0.09 | 79.06 0.43
MPQA | 88.21 0.03 | 87.71 0.09
SUBJ | 92.05 0.06 | 91.47 0.03
SST2 | 80.64 0.14 | 81.03 0.37
TREC | 79.13 0.23 | 86.52 1.64
MRPC | 74.49 0.42 | 72.51 0.77
SICKRelatedness | 83.93 0.62 | 84.55 0.16
SICKEntailment | 83.44 0.23 | 82.17 0.54
STSBenchmark | 70.11 1.07 | 63.66 1.29
Traceback (most recent call last):
  File "randsent.py", line 218, in <module>
    write_csv(dic_save, params.out_path)
  File "randsent.py", line 44, in write_csv
    with open(file,'w') as f:
TypeError: expected str, bytes or os.PathLike object, not dict
randsent.py --model esn --pooling mean --pos_enc 0 --output_dim 2048 --zero 1 --spectral_radius 1.3 --leaky 0 --concat_inp 0 --stdv 0.1 --activation None --bidirectional 1 --sparsity 0.5 --gpu 0 --out-path result/result_sr_1.3
MR | 77.57 0.17 | 76.73 0.30
CR | 80.40 0.18 | 78.95 0.48
MPQA | 88.15 0.04 | 87.65 0.06
SUBJ | 91.91 0.10 | 91.39 0.07
SST2 | 80.05 0.56 | 81.12 0.45
TREC | 80.30 0.21 | 87.48 1.62
MRPC | 75.09 0.30 | 72.52 1.39
SICKRelatedness | 82.86 0.70 | 83.56 0.30
SICKEntailment | 82.40 0.95 | 80.01 0.50
STSBenchmark | 66.24 0.74 | 59.32 0.71
Traceback (most recent call last):
  File "randsent.py", line 218, in <module>
    write_csv(dic_save, params.out_path)
  File "randsent.py", line 44, in write_csv
    with open(file,'w') as f:
TypeError: expected str, bytes or os.PathLike object, not dict
randsent.py --model esn --pooling mean --pos_enc 0 --output_dim 2048 --zero 1 --spectral_radius 1.5 --leaky 0 --concat_inp 0 --stdv 0.1 --activation None --bidirectional 1 --sparsity 0.5 --gpu 0 --out-path result/result_sr_1.5
MR | 76.31 0.13 | 75.15 0.40
CR | 78.53 0.22 | 76.70 0.40
MPQA | 88.00 0.05 | 87.48 0.10
SUBJ | 91.00 0.15 | 90.30 0.21
SST2 | 78.81 0.62 | 79.74 0.45
TREC | 79.27 0.29 | 86.68 1.09
MRPC | 74.20 0.08 | 71.67 0.40
SICKRelatedness | 77.98 1.62 | 79.35 0.78
SICKEntailment | 79.40 1.02 | 77.72 0.73
STSBenchmark | 57.98 0.90 | 52.50 2.02
Traceback (most recent call last):
  File "randsent.py", line 218, in <module>
    write_csv(dic_save, params.out_path)
  File "randsent.py", line 44, in write_csv
    with open(file,'w') as f:
TypeError: expected str, bytes or os.PathLike object, not dict
randsent.py --model esn --pooling mean --pos_enc 0 --output_dim 2048 --zero 1 --spectral_radius 2.0 --leaky 0 --concat_inp 0 --stdv 0.1 --activation None --bidirectional 1 --sparsity 0.5 --gpu 0 --out-path result/result_sr_2.0
/home/akifukuchi/.pyenv/versions/env_randsent/lib/python3.7/site-packages/scipy/stats/stats.py:3399: PearsonRConstantInputWarning: An input array is constant; the correlation coefficent is not defined.
  warnings.warn(PearsonRConstantInputWarning())
MR | 52.77 0.67 | 51.25 1.15
CR | 55.61 0.76 | 54.34 2.43
MPQA | 86.72 0.14 | 85.82 0.30
SUBJ | 52.30 1.09 | 52.13 1.33
SST2 | 56.31 1.96 | 53.68 1.61
TREC | 69.07 0.82 | 76.72 2.95
MRPC | 65.96 0.28 | 64.34 1.23
SICKRelatedness | 11.54 20.54 | 11.68 21.36
SICKEntailment | 64.40 1.29 | 61.86 0.47
STSBenchmark | 18.87 9.58 | 16.58 10.31
Traceback (most recent call last):
  File "randsent.py", line 218, in <module>
    write_csv(dic_save, params.out_path)
  File "randsent.py", line 44, in write_csv
    with open(file,'w') as f:
TypeError: expected str, bytes or os.PathLike object, not dict
randsent.py --model esn --pooling mean --pos_enc 0 --output_dim 2048 --zero 1 --spectral_radius 3.0 --leaky 0 --concat_inp 0 --stdv 0.1 --activation None --bidirectional 1 --sparsity 0.5 --gpu 0 --out-path result/result_sr_3.0
MR | 51.05 0.38 | 49.95 0.20
CR | 51.15 1.29 | 49.84 1.94
MPQA | 63.28 1.34 | 61.96 1.43
SUBJ | 50.89 0.72 | 50.67 0.76
SST2 | 52.36 0.96 | 50.76 1.91
TREC | 23.17 1.46 | 20.60 8.54
MRPC | 63.04 1.25 | 60.65 3.16
SICKRelatedness | 1.01 3.54 | 0.98 3.74
SICKEntailment | 54.76 0.41 | 54.29 1.38
STSBenchmark | 0.34 1.98 | 0.39 3.31
Traceback (most recent call last):
  File "randsent.py", line 218, in <module>
    write_csv(dic_save, params.out_path)
  File "randsent.py", line 44, in write_csv
    with open(file,'w') as f:
TypeError: expected str, bytes or os.PathLike object, not dict
randsent.py --model esn --pooling mean --pos_enc 0 --output_dim 2048 --zero 1 --spectral_radius 10 --leaky 0 --concat_inp 0 --stdv 0.1 --activation None --bidirectional 1 --sparsity 0.5 --gpu 0 --out-path result/result_sr_10
./SentEval/senteval/mrpc.py:83: RuntimeWarning: overflow encountered in multiply
  trainF = np.c_[np.abs(trainA - trainB), trainA * trainB]
./SentEval/senteval/mrpc.py:89: RuntimeWarning: overflow encountered in multiply
  testF = np.c_[np.abs(testA - testB), testA * testB]
/home/akifukuchi/.pyenv/versions/env_randsent/lib/python3.7/site-packages/sklearn/metrics/classification.py:1437: UndefinedMetricWarning: F-score is ill-defined and being set to 0.0 due to no predicted samples.
  'precision', 'predicted', average, warn_for)
./SentEval/senteval/sick.py:93: RuntimeWarning: overflow encountered in multiply
  devF = np.c_[np.abs(devA - devB), devA * devB]
./SentEval/senteval/sick.py:99: RuntimeWarning: overflow encountered in multiply
  testF = np.c_[np.abs(testA - testB), testA * testB]
Traceback (most recent call last):
  File "randsent.py", line 195, in <module>
    results = get_results(params, seed)
  File "randsent.py", line 81, in get_results
    'SICKEntailment', 'STSBenchmark'])
  File "./SentEval/senteval/engine.py", line 59, in eval
    self.results = {x: self.eval(x) for x in name}
  File "./SentEval/senteval/engine.py", line 59, in <dictcomp>
    self.results = {x: self.eval(x) for x in name}
  File "./SentEval/senteval/engine.py", line 121, in eval
    self.results = self.evaluation.run(self.params, self.batcher)
  File "./SentEval/senteval/sick.py", line 109, in run
    devpr, yhat = clf.run()
  File "./SentEval/senteval/tools/relatedness.py", line 87, in run
    pr = pearsonr(yhat, self.devscores)[0]
  File "/home/akifukuchi/.pyenv/versions/env_randsent/lib/python3.7/site-packages/scipy/stats/stats.py", line 3421, in pearsonr
    normxm = linalg.norm(xm)
  File "/home/akifukuchi/.pyenv/versions/env_randsent/lib/python3.7/site-packages/scipy/linalg/misc.py", line 137, in norm
    a = np.asarray_chkfinite(a)
  File "/home/akifukuchi/.pyenv/versions/env_randsent/lib/python3.7/site-packages/numpy/lib/function_base.py", line 496, in asarray_chkfinite
    "array must not contain infs or NaNs")
ValueError: array must not contain infs or NaNs
